* Starting client
* Connecting to master process on port 20511
* Analyzing classpath: 
  - /home/lufe/Documents/Uni Projects/ATS-2324/Projeto/TP2/target/classes
  - /home/lufe/.m2/repository/junit/junit/4.13.2/junit-4.13.2.jar
  - /home/lufe/.m2/repository/org/hamcrest/hamcrest-core/1.3/hamcrest-core-1.3.jar
  - /home/lufe/.m2/repository/org/junit/vintage/junit-vintage-engine/5.8.1/junit-vintage-engine-5.8.1.jar
  - /home/lufe/.m2/repository/org/junit/platform/junit-platform-engine/1.8.1/junit-platform-engine-1.8.1.jar
  - /home/lufe/.m2/repository/org/apiguardian/apiguardian-api/1.1.2/apiguardian-api-1.1.2.jar
  - /home/lufe/.m2/repository/org/junit/jupiter/junit-jupiter-api/5.8.1/junit-jupiter-api-5.8.1.jar
  - /home/lufe/.m2/repository/org/opentest4j/opentest4j/1.2.0/opentest4j-1.2.0.jar
  - /home/lufe/.m2/repository/org/junit/platform/junit-platform-commons/1.8.1/junit-platform-commons-1.8.1.jar
  - /home/lufe/.m2/repository/org/junit/jupiter/junit-jupiter-engine/5.8.1/junit-jupiter-engine-5.8.1.jar
* Finished analyzing classpath
* Generating tests for class TP2.Vintage
* Test criteria:
  - Line Coverage
  - Branch Coverage
  - Exception
  - Mutation testing (weak)
  - Method-Output Coverage
  - Top-Level Method Coverage
  - No-Exception Top-Level Method Coverage
  - Context Branch Coverage
* Setting up search algorithm for whole suite generation
[MASTER] 00:24:52.555 [pool-2-thread-1] WARN  TestSuiteSerialization - Cannot load tests because file does not exist: /home/lufe/Documents/Uni Projects/ATS-2324/Projeto/TP2/.evosuite/evosuite-seeds/TP2.Vintage.seed
* Loaded 0 tests from /home/lufe/Documents/Uni Projects/ATS-2324/Projeto/TP2/.evosuite/evosuite-seeds/TP2.Vintage.seed
* Total number of test goals: 
  - Line 389
  - Branch 135
  - Exception 0
  - MutationFactory 968
  - Output 182
  - Method 88
  - MethodNoException 88
  - CBranchFitnessFactory 135
* Using seed 1716679490561
* Starting evolution
* Search finished after 76s and 110 generations, 57344 statements, best individual has fitness: 349.0135340583709
* Writing sequences to pool
* Minimizing test suite
* Going to analyze the coverage criteria
* Coverage analysis for criterion LINE
* Coverage of criterion LINE: 65%
* Total number of goals: 389
* Number of covered goals: 253
* Coverage analysis for criterion BRANCH
* Coverage of criterion BRANCH: 82%
* Total number of goals: 135
* Number of covered goals: 111
* Coverage analysis for criterion EXCEPTION
* Coverage of criterion EXCEPTION: 100%
* Total number of goals: 47
* Number of covered goals: 47
* Coverage analysis for criterion WEAKMUTATION
* Coverage of criterion WEAKMUTATION: 87%
* Total number of goals: 968
* Number of covered goals: 845
* Coverage analysis for criterion OUTPUT
* Coverage of criterion OUTPUT: 32%
* Total number of goals: 182
* Number of covered goals: 58
* Coverage analysis for criterion METHOD
* Coverage of criterion METHOD: 100%
* Total number of goals: 88
* Number of covered goals: 88
* Coverage analysis for criterion METHODNOEXCEPTION
* Coverage of criterion METHODNOEXCEPTION: 76%
* Total number of goals: 88
* Number of covered goals: 67
* Coverage analysis for criterion CBRANCH
* Coverage of criterion CBRANCH: 82%
* Total number of goals: 135
* Number of covered goals: 111
* Generated 122 tests with total length 435
* Resulting test suite's coverage: 78% (average coverage for all fitness functions)
* Generating assertions
* Resulting test suite's mutation score: 9%
* Compiling and checking tests
* Writing JUnit test case 'Vintage_ESTest' to /home/lufe/Documents/Uni Projects/ATS-2324/Projeto/TP2/.evosuite/tmp_2024_05_26_00_09_55/tests
* Done!

