* Starting client
* Connecting to master process on port 3757
* Analyzing classpath: 
  - C:/Users/luis-/Desktop/Universidade/LEI/ATS_LUIS/trabalhos_POO/trabalhos_POO/TP2/out/production/TP2
  - C:\Program Files\Java\jdk1.8.0_202\jre\lib\charsets.jar
  - C:\Program Files\Java\jdk1.8.0_202\jre\lib\deploy.jar
  - C:\Program Files\Java\jdk1.8.0_202\jre\lib\ext\access-bridge-64.jar
  - C:\Program Files\Java\jdk1.8.0_202\jre\lib\ext\cldrdata.jar
  - C:\Program Files\Java\jdk1.8.0_202\jre\lib\ext\dnsns.jar
  - C:\Program Files\Java\jdk1.8.0_202\jre\lib\ext\jaccess.jar
  - C:\Program Files\Java\jdk1.8.0_202\jre\lib\ext\jfxrt.jar
  - C:\Program Files\Java\jdk1.8.0_202\jre\lib\ext\localedata.jar
  - C:\Program Files\Java\jdk1.8.0_202\jre\lib\ext\nashorn.jar
  - C:\Program Files\Java\jdk1.8.0_202\jre\lib\ext\sunec.jar
  - C:\Program Files\Java\jdk1.8.0_202\jre\lib\ext\sunjce_provider.jar
  - C:\Program Files\Java\jdk1.8.0_202\jre\lib\ext\sunmscapi.jar
  - C:\Program Files\Java\jdk1.8.0_202\jre\lib\ext\sunpkcs11.jar
  - C:\Program Files\Java\jdk1.8.0_202\jre\lib\ext\zipfs.jar
  - C:\Program Files\Java\jdk1.8.0_202\jre\lib\javaws.jar
  - C:\Program Files\Java\jdk1.8.0_202\jre\lib\jce.jar
  - C:\Program Files\Java\jdk1.8.0_202\jre\lib\jfr.jar
  - C:\Program Files\Java\jdk1.8.0_202\jre\lib\jfxswt.jar
  - C:\Program Files\Java\jdk1.8.0_202\jre\lib\jsse.jar
  - C:\Program Files\Java\jdk1.8.0_202\jre\lib\management-agent.jar
  - C:\Program Files\Java\jdk1.8.0_202\jre\lib\plugin.jar
  - C:\Program Files\Java\jdk1.8.0_202\jre\lib\resources.jar
  - C:\Program Files\Java\jdk1.8.0_202\jre\lib\rt.jar
  - C:\Users\luis-\Desktop\Universidade\LEI\ATS_LUIS\trabalhos_POO\trabalhos_POO\TP2\out\production\TP2
* Finished analyzing classpath
* Generating tests for class Vintage
* Test criteria:
  - Line Coverage
  - Branch Coverage
  - Exception
  - Mutation testing (weak)
  - Method-Output Coverage
  - Top-Level Method Coverage
  - No-Exception Top-Level Method Coverage
  - Context Branch Coverage
* Setting up search algorithm for whole suite generation
[MASTER] 10:51:50.423 [pool-2-thread-1] WARN  TestSuiteSerialization - Cannot load tests because file does not exist: C:\Users\luis-\Desktop\Universidade\LEI\ATS_LUIS\trabalhos_POO\trabalhos_POO\TP2\.evosuite\evosuite-seeds\Vintage.seed
* Loaded 0 tests from C:\Users\luis-\Desktop\Universidade\LEI\ATS_LUIS\trabalhos_POO\trabalhos_POO\TP2\.evosuite\evosuite-seeds\Vintage.seed
* Total number of test goals: 
  - Line 389
  - Branch 135
  - Exception 0
  - MutationFactory 968
  - Output 182
  - Method 88
  - MethodNoException 88
  - CBranchFitnessFactory 135
* Using seed 1716544300500
* Starting evolution
[MASTER] 10:51:50.802 [pool-2-thread-1] WARN  TimeController - Phase INITIALIZATION lasted too long, 5 seconds more than allowed.
* Search finished after 38s and 22 generations, 7697 statements, best individual has fitness: 443.39302985624397
* Writing sequences to pool
[MASTER] 10:52:30.695 [pool-2-thread-1] WARN  TimeController - Phase SEARCH lasted too long, 3 seconds more than allowed.
* Minimizing test suite
[MASTER] 10:52:35.975 [pool-2-thread-1] WARN  TestSuiteMinimizer - Minimization timeout. Roll back to original test suite
* Going to analyze the coverage criteria
* Coverage analysis for criterion LINE
* Coverage of criterion LINE: 60%
* Total number of goals: 389
* Number of covered goals: 232
* Coverage analysis for criterion BRANCH
* Coverage of criterion BRANCH: 73%
* Total number of goals: 135
* Number of covered goals: 98
* Coverage analysis for criterion EXCEPTION
* Coverage of criterion EXCEPTION: 100%
* Total number of goals: 39
* Number of covered goals: 39
* Coverage analysis for criterion WEAKMUTATION
* Coverage of criterion WEAKMUTATION: 84%
* Total number of goals: 968
* Number of covered goals: 810
* Coverage analysis for criterion OUTPUT
* Coverage of criterion OUTPUT: 30%
* Total number of goals: 182
* Number of covered goals: 55
* Coverage analysis for criterion METHOD
* Coverage of criterion METHOD: 100%
* Total number of goals: 88
* Number of covered goals: 88
* Coverage analysis for criterion METHODNOEXCEPTION
* Coverage of criterion METHODNOEXCEPTION: 73%
* Total number of goals: 88
* Number of covered goals: 64
* Coverage analysis for criterion CBRANCH
* Coverage of criterion CBRANCH: 73%
* Total number of goals: 135
* Number of covered goals: 98
* Generated 117 tests with total length 2240
* Resulting test suite's coverage: 74% (average coverage for all fitness functions)
* Generating assertions
[MASTER] 10:52:40.750 [pool-2-thread-1] WARN  SimpleMutationAssertionGenerator - Assertion minimization is taking too long (0.7542% of time used, but only 5/117 tests minimized), falling back to using all assertions
[MASTER] 10:52:42.432 [pool-2-thread-1] WARN  SimpleMutationAssertionGenerator - Reached maximum time to generate assertions, aborting assertion generation
* Resulting test suite's mutation score: 1%
* Compiling and checking tests
[MASTER] 10:52:42.617 [pool-2-thread-1] WARN  TimeController - Phase ASSERTION_GENERATION lasted too long, 0 seconds more than allowed.
[MASTER] 10:52:42.617 [pool-2-thread-1] WARN  TimeController - Current phase JUNIT_CHECK could run up to 5s, but only 4s are left
[MASTER] 10:52:45.046 [pool-2-thread-1] WARN  TimeController - Current phase WRITING_TESTS could run up to 5s, but only 1s are left
* Writing JUnit test case 'Vintage_ESTest' to C:\Users\luis-\Desktop\Universidade\LEI\ATS_LUIS\trabalhos_POO\trabalhos_POO\TP2\.evosuite\tmp_2024_05_24_10_49_50\tests
* Done!

