* Starting client
* Connecting to master process on port 11864
* Analyzing classpath: 
  - C:/Users/luis-/Desktop/Universidade/LEI/ATS_LUIS/trabalhos_POO/trabalhos_POO/TP1/out/production/TP1
  - C:\Program Files\Java\jdk1.8.0_202\jre\lib\charsets.jar
  - C:\Program Files\Java\jdk1.8.0_202\jre\lib\deploy.jar
  - C:\Program Files\Java\jdk1.8.0_202\jre\lib\ext\access-bridge-64.jar
  - C:\Program Files\Java\jdk1.8.0_202\jre\lib\ext\cldrdata.jar
  - C:\Program Files\Java\jdk1.8.0_202\jre\lib\ext\dnsns.jar
  - C:\Program Files\Java\jdk1.8.0_202\jre\lib\ext\jaccess.jar
  - C:\Program Files\Java\jdk1.8.0_202\jre\lib\ext\jfxrt.jar
  - C:\Program Files\Java\jdk1.8.0_202\jre\lib\ext\localedata.jar
  - C:\Program Files\Java\jdk1.8.0_202\jre\lib\ext\nashorn.jar
  - C:\Program Files\Java\jdk1.8.0_202\jre\lib\ext\sunec.jar
  - C:\Program Files\Java\jdk1.8.0_202\jre\lib\ext\sunjce_provider.jar
  - C:\Program Files\Java\jdk1.8.0_202\jre\lib\ext\sunmscapi.jar
  - C:\Program Files\Java\jdk1.8.0_202\jre\lib\ext\sunpkcs11.jar
  - C:\Program Files\Java\jdk1.8.0_202\jre\lib\ext\zipfs.jar
  - C:\Program Files\Java\jdk1.8.0_202\jre\lib\javaws.jar
  - C:\Program Files\Java\jdk1.8.0_202\jre\lib\jce.jar
  - C:\Program Files\Java\jdk1.8.0_202\jre\lib\jfr.jar
  - C:\Program Files\Java\jdk1.8.0_202\jre\lib\jfxswt.jar
  - C:\Program Files\Java\jdk1.8.0_202\jre\lib\jsse.jar
  - C:\Program Files\Java\jdk1.8.0_202\jre\lib\management-agent.jar
  - C:\Program Files\Java\jdk1.8.0_202\jre\lib\plugin.jar
  - C:\Program Files\Java\jdk1.8.0_202\jre\lib\resources.jar
  - C:\Program Files\Java\jdk1.8.0_202\jre\lib\rt.jar
  - C:\Users\luis-\Desktop\Universidade\LEI\ATS_LUIS\trabalhos_POO\trabalhos_POO\TP1\out\production\TP1
* Finished analyzing classpath
* Generating tests for class View.ViewMain
* Test criteria:
  - Line Coverage
  - Branch Coverage
  - Exception
  - Mutation testing (weak)
  - Method-Output Coverage
  - Top-Level Method Coverage
  - No-Exception Top-Level Method Coverage
  - Context Branch Coverage
* Setting up search algorithm for whole suite generation
[MASTER] 10:32:04.353 [pool-2-thread-1] WARN  TestSuiteSerialization - Cannot load tests because file does not exist: C:\Users\luis-\Desktop\Universidade\LEI\ATS_LUIS\trabalhos_POO\trabalhos_POO\TP1\.evosuite\evosuite-seeds\View.ViewMain.seed
* Loaded 0 tests from C:\Users\luis-\Desktop\Universidade\LEI\ATS_LUIS\trabalhos_POO\trabalhos_POO\TP1\.evosuite\evosuite-seeds\View.ViewMain.seed
* Total number of test goals: 
  - Line 35
  - Branch 12
  - Exception 0
  - MutationFactory 167
  - Output 0
  - Method 12
  - MethodNoException 12
  - CBranchFitnessFactory 12
* Using seed 1716543117262
* Starting evolution
[MASTER] 10:32:04.845 [pool-2-thread-1] WARN  TimeController - Phase INITIALIZATION lasted too long, 2 seconds more than allowed.
* Search finished after 3s and 0 generations, 4738 statements, best individual has fitness: 1.0
* Writing sequences to pool
* Minimizing test suite
* Going to analyze the coverage criteria
* Coverage analysis for criterion LINE
* Coverage of criterion LINE: 100%
* Total number of goals: 35
* Number of covered goals: 35
* Coverage analysis for criterion BRANCH
* Coverage of criterion BRANCH: 100%
* Total number of goals: 12
* Number of covered goals: 12
* Coverage analysis for criterion EXCEPTION
* Coverage of criterion EXCEPTION: 100% (no goals)
* Coverage analysis for criterion WEAKMUTATION
* Coverage of criterion WEAKMUTATION: 100%
* Total number of goals: 167
* Number of covered goals: 167
* Coverage analysis for criterion OUTPUT
* Coverage of criterion OUTPUT: 100% (no goals)
* Coverage analysis for criterion METHOD
* Coverage of criterion METHOD: 100%
* Total number of goals: 12
* Number of covered goals: 12
* Coverage analysis for criterion METHODNOEXCEPTION
* Coverage of criterion METHODNOEXCEPTION: 100%
* Total number of goals: 12
* Number of covered goals: 12
* Coverage analysis for criterion CBRANCH
* Coverage of criterion CBRANCH: 100%
* Total number of goals: 12
* Number of covered goals: 12
* Generated 11 tests with total length 22
* Resulting test suite's coverage: 100% (average coverage for all fitness functions)
* Generating assertions
* Resulting test suite's mutation score: 66%
* Compiling and checking tests
* Writing JUnit test case 'ViewMain_ESTest' to C:\Users\luis-\Desktop\Universidade\LEI\ATS_LUIS\trabalhos_POO\trabalhos_POO\TP1\.evosuite\tmp_2024_05_24_10_26_07\tests
* Done!

