* Starting client
* Connecting to master process on port 7257
* Analyzing classpath: 
  - /home/lufe/Documents/Uni Projects/ATS-2324/Projeto/TP2/target/classes
  - /home/lufe/.m2/repository/junit/junit/4.13.2/junit-4.13.2.jar
  - /home/lufe/.m2/repository/org/hamcrest/hamcrest-core/1.3/hamcrest-core-1.3.jar
  - /home/lufe/.m2/repository/org/junit/vintage/junit-vintage-engine/5.8.1/junit-vintage-engine-5.8.1.jar
  - /home/lufe/.m2/repository/org/junit/platform/junit-platform-engine/1.8.1/junit-platform-engine-1.8.1.jar
  - /home/lufe/.m2/repository/org/apiguardian/apiguardian-api/1.1.2/apiguardian-api-1.1.2.jar
  - /home/lufe/.m2/repository/org/junit/jupiter/junit-jupiter-api/5.8.1/junit-jupiter-api-5.8.1.jar
  - /home/lufe/.m2/repository/org/opentest4j/opentest4j/1.2.0/opentest4j-1.2.0.jar
  - /home/lufe/.m2/repository/org/junit/platform/junit-platform-commons/1.8.1/junit-platform-commons-1.8.1.jar
  - /home/lufe/.m2/repository/org/junit/jupiter/junit-jupiter-engine/5.8.1/junit-jupiter-engine-5.8.1.jar
* Finished analyzing classpath
* Generating tests for class TP2.Transportadora
* Test criteria:
  - Line Coverage
  - Branch Coverage
  - Exception
  - Mutation testing (weak)
  - Method-Output Coverage
  - Top-Level Method Coverage
  - No-Exception Top-Level Method Coverage
  - Context Branch Coverage
* Setting up search algorithm for whole suite generation
[MASTER] 00:27:46.352 [pool-2-thread-1] WARN  TestSuiteSerialization - Cannot load tests because file does not exist: /home/lufe/Documents/Uni Projects/ATS-2324/Projeto/TP2/.evosuite/evosuite-seeds/TP2.Transportadora.seed
* Loaded 0 tests from /home/lufe/Documents/Uni Projects/ATS-2324/Projeto/TP2/.evosuite/evosuite-seeds/TP2.Transportadora.seed
* Total number of test goals: 
  - Line 131
  - Branch 81
  - Exception 0
  - MutationFactory 328
  - Output 88
  - Method 35
  - MethodNoException 35
  - CBranchFitnessFactory 81
* Using seed 1716679664989
* Starting evolution
* Search finished after 71s and 675 generations, 359411 statements, best individual has fitness: 11.833333324902357
* Writing sequences to pool
* Minimizing test suite
* Going to analyze the coverage criteria
* Coverage analysis for criterion LINE
* Coverage of criterion LINE: 100%
* Total number of goals: 131
* Number of covered goals: 131
* Coverage analysis for criterion BRANCH
* Coverage of criterion BRANCH: 100%
* Total number of goals: 81
* Number of covered goals: 81
* Coverage analysis for criterion EXCEPTION
* Coverage of criterion EXCEPTION: 100%
* Total number of goals: 2
* Number of covered goals: 2
* Coverage analysis for criterion WEAKMUTATION
* Coverage of criterion WEAKMUTATION: 99%
* Total number of goals: 328
* Number of covered goals: 324
* Coverage analysis for criterion OUTPUT
* Coverage of criterion OUTPUT: 90%
* Total number of goals: 88
* Number of covered goals: 79
* Coverage analysis for criterion METHOD
* Coverage of criterion METHOD: 100%
* Total number of goals: 35
* Number of covered goals: 35
* Coverage analysis for criterion METHODNOEXCEPTION
* Coverage of criterion METHODNOEXCEPTION: 100%
* Total number of goals: 35
* Number of covered goals: 35
* Coverage analysis for criterion CBRANCH
* Coverage of criterion CBRANCH: 100%
* Total number of goals: 81
* Number of covered goals: 81
* Generated 85 tests with total length 219
* Resulting test suite's coverage: 99% (average coverage for all fitness functions)
* Generating assertions
[MASTER] 00:29:09.041 [pool-2-thread-1] WARN  SimpleMutationAssertionGenerator - Assertion minimization is taking too long (0.6793% of time used, but only 27/85 tests minimized), falling back to using all assertions
* Resulting test suite's mutation score: 64%
* Compiling and checking tests
* Writing JUnit test case 'Transportadora_ESTest' to /home/lufe/Documents/Uni Projects/ATS-2324/Projeto/TP2/.evosuite/tmp_2024_05_26_00_09_55/tests
* Done!

