* Starting client
* Connecting to master process on port 8481
* Analyzing classpath: 
  - C:/Users/luis-/Desktop/Universidade/LEI/ATS_LUIS/trabalhos_POO/trabalhos_POO/TP1/out/production/TP1
  - C:\Program Files\Java\jdk1.8.0_202\jre\lib\charsets.jar
  - C:\Program Files\Java\jdk1.8.0_202\jre\lib\deploy.jar
  - C:\Program Files\Java\jdk1.8.0_202\jre\lib\ext\access-bridge-64.jar
  - C:\Program Files\Java\jdk1.8.0_202\jre\lib\ext\cldrdata.jar
  - C:\Program Files\Java\jdk1.8.0_202\jre\lib\ext\dnsns.jar
  - C:\Program Files\Java\jdk1.8.0_202\jre\lib\ext\jaccess.jar
  - C:\Program Files\Java\jdk1.8.0_202\jre\lib\ext\jfxrt.jar
  - C:\Program Files\Java\jdk1.8.0_202\jre\lib\ext\localedata.jar
  - C:\Program Files\Java\jdk1.8.0_202\jre\lib\ext\nashorn.jar
  - C:\Program Files\Java\jdk1.8.0_202\jre\lib\ext\sunec.jar
  - C:\Program Files\Java\jdk1.8.0_202\jre\lib\ext\sunjce_provider.jar
  - C:\Program Files\Java\jdk1.8.0_202\jre\lib\ext\sunmscapi.jar
  - C:\Program Files\Java\jdk1.8.0_202\jre\lib\ext\sunpkcs11.jar
  - C:\Program Files\Java\jdk1.8.0_202\jre\lib\ext\zipfs.jar
  - C:\Program Files\Java\jdk1.8.0_202\jre\lib\javaws.jar
  - C:\Program Files\Java\jdk1.8.0_202\jre\lib\jce.jar
  - C:\Program Files\Java\jdk1.8.0_202\jre\lib\jfr.jar
  - C:\Program Files\Java\jdk1.8.0_202\jre\lib\jfxswt.jar
  - C:\Program Files\Java\jdk1.8.0_202\jre\lib\jsse.jar
  - C:\Program Files\Java\jdk1.8.0_202\jre\lib\management-agent.jar
  - C:\Program Files\Java\jdk1.8.0_202\jre\lib\plugin.jar
  - C:\Program Files\Java\jdk1.8.0_202\jre\lib\resources.jar
  - C:\Program Files\Java\jdk1.8.0_202\jre\lib\rt.jar
  - C:\Users\luis-\Desktop\Universidade\LEI\ATS_LUIS\trabalhos_POO\trabalhos_POO\TP1\out\production\TP1
* Finished analyzing classpath
* Generating tests for class Model.Transportadoras
* Test criteria:
  - Line Coverage
  - Branch Coverage
  - Exception
  - Mutation testing (weak)
  - Method-Output Coverage
  - Top-Level Method Coverage
  - No-Exception Top-Level Method Coverage
  - Context Branch Coverage
* Setting up search algorithm for whole suite generation
[MASTER] 10:27:33.610 [pool-2-thread-1] WARN  TestSuiteSerialization - Cannot load tests because file does not exist: C:\Users\luis-\Desktop\Universidade\LEI\ATS_LUIS\trabalhos_POO\trabalhos_POO\TP1\.evosuite\evosuite-seeds\Model.Transportadoras.seed
* Loaded 0 tests from C:\Users\luis-\Desktop\Universidade\LEI\ATS_LUIS\trabalhos_POO\trabalhos_POO\TP1\.evosuite\evosuite-seeds\Model.Transportadoras.seed
* Total number of test goals: 
  - Line 80
  - Branch 53
  - Exception 0
  - MutationFactory 250
  - Output 40
  - Method 21
  - MethodNoException 21
  - CBranchFitnessFactory 53
* Using seed 1716542845544
* Starting evolution
[MASTER] 10:27:34.381 [pool-2-thread-1] WARN  TimeController - Phase INITIALIZATION lasted too long, 3 seconds more than allowed.
* Search finished after 34s and 93 generations, 73282 statements, best individual has fitness: 4.199999996139918
* Writing sequences to pool
* Minimizing test suite
[MASTER] 10:28:14.672 [pool-2-thread-1] WARN  TestSuiteMinimizer - Minimization timeout. Roll back to original test suite
* Going to analyze the coverage criteria
* Coverage analysis for criterion LINE
* Coverage of criterion LINE: 100%
* Total number of goals: 80
* Number of covered goals: 80
* Coverage analysis for criterion BRANCH
* Coverage of criterion BRANCH: 100%
* Total number of goals: 53
* Number of covered goals: 53
* Coverage analysis for criterion EXCEPTION
* Coverage of criterion EXCEPTION: 100%
* Total number of goals: 4
* Number of covered goals: 4
* Coverage analysis for criterion WEAKMUTATION
* Coverage of criterion WEAKMUTATION: 100%
* Total number of goals: 250
* Number of covered goals: 249
* Coverage analysis for criterion OUTPUT
* Coverage of criterion OUTPUT: 92%
* Total number of goals: 40
* Number of covered goals: 37
* Coverage analysis for criterion METHOD
* Coverage of criterion METHOD: 100%
* Total number of goals: 21
* Number of covered goals: 21
* Coverage analysis for criterion METHODNOEXCEPTION
* Coverage of criterion METHODNOEXCEPTION: 100%
* Total number of goals: 21
* Number of covered goals: 21
* Coverage analysis for criterion CBRANCH
* Coverage of criterion CBRANCH: 100%
* Total number of goals: 53
* Number of covered goals: 53
* Generated 68 tests with total length 836
* Resulting test suite's coverage: 99% (average coverage for all fitness functions)
* Generating assertions
[MASTER] 10:28:20.978 [pool-2-thread-1] WARN  SimpleMutationAssertionGenerator - Reached maximum time to generate assertions, aborting assertion generation
* Resulting test suite's mutation score: 36%
* Compiling and checking tests
[MASTER] 10:28:21.040 [pool-2-thread-1] WARN  TimeController - Phase ASSERTION_GENERATION lasted too long, 1 seconds more than allowed.
* Writing JUnit test case 'Transportadoras_ESTest' to C:\Users\luis-\Desktop\Universidade\LEI\ATS_LUIS\trabalhos_POO\trabalhos_POO\TP1\.evosuite\tmp_2024_05_24_10_26_07\tests
* Done!

