* Starting client
* Connecting to master process on port 4504
* Analyzing classpath: 
  - C:/Users/luis-/Desktop/Universidade/LEI/ATS_LUIS/trabalhos_POO/trabalhos_POO/TP1/out/production/TP1
  - C:\Program Files\Java\jdk1.8.0_202\jre\lib\charsets.jar
  - C:\Program Files\Java\jdk1.8.0_202\jre\lib\deploy.jar
  - C:\Program Files\Java\jdk1.8.0_202\jre\lib\ext\access-bridge-64.jar
  - C:\Program Files\Java\jdk1.8.0_202\jre\lib\ext\cldrdata.jar
  - C:\Program Files\Java\jdk1.8.0_202\jre\lib\ext\dnsns.jar
  - C:\Program Files\Java\jdk1.8.0_202\jre\lib\ext\jaccess.jar
  - C:\Program Files\Java\jdk1.8.0_202\jre\lib\ext\jfxrt.jar
  - C:\Program Files\Java\jdk1.8.0_202\jre\lib\ext\localedata.jar
  - C:\Program Files\Java\jdk1.8.0_202\jre\lib\ext\nashorn.jar
  - C:\Program Files\Java\jdk1.8.0_202\jre\lib\ext\sunec.jar
  - C:\Program Files\Java\jdk1.8.0_202\jre\lib\ext\sunjce_provider.jar
  - C:\Program Files\Java\jdk1.8.0_202\jre\lib\ext\sunmscapi.jar
  - C:\Program Files\Java\jdk1.8.0_202\jre\lib\ext\sunpkcs11.jar
  - C:\Program Files\Java\jdk1.8.0_202\jre\lib\ext\zipfs.jar
  - C:\Program Files\Java\jdk1.8.0_202\jre\lib\javaws.jar
  - C:\Program Files\Java\jdk1.8.0_202\jre\lib\jce.jar
  - C:\Program Files\Java\jdk1.8.0_202\jre\lib\jfr.jar
  - C:\Program Files\Java\jdk1.8.0_202\jre\lib\jfxswt.jar
  - C:\Program Files\Java\jdk1.8.0_202\jre\lib\jsse.jar
  - C:\Program Files\Java\jdk1.8.0_202\jre\lib\management-agent.jar
  - C:\Program Files\Java\jdk1.8.0_202\jre\lib\plugin.jar
  - C:\Program Files\Java\jdk1.8.0_202\jre\lib\resources.jar
  - C:\Program Files\Java\jdk1.8.0_202\jre\lib\rt.jar
  - C:\Users\luis-\Desktop\Universidade\LEI\ATS_LUIS\trabalhos_POO\trabalhos_POO\TP1\out\production\TP1
* Finished analyzing classpath
* Generating tests for class VintageAPP
* Test criteria:
  - Line Coverage
  - Branch Coverage
  - Exception
  - Mutation testing (weak)
  - Method-Output Coverage
  - Top-Level Method Coverage
  - No-Exception Top-Level Method Coverage
  - Context Branch Coverage
* Setting up search algorithm for whole suite generation
[MASTER] 10:31:29.183 [pool-2-thread-1] WARN  TestSuiteSerialization - Cannot load tests because file does not exist: C:\Users\luis-\Desktop\Universidade\LEI\ATS_LUIS\trabalhos_POO\trabalhos_POO\TP1\.evosuite\evosuite-seeds\VintageAPP.seed
* Loaded 0 tests from C:\Users\luis-\Desktop\Universidade\LEI\ATS_LUIS\trabalhos_POO\trabalhos_POO\TP1\.evosuite\evosuite-seeds\VintageAPP.seed
* Total number of test goals: 
  - Line 6
  - Branch 2
  - Exception 0
  - MutationFactory 0
  - Output 0
  - Method 2
  - MethodNoException 2
  - CBranchFitnessFactory 2
* Using seed 1716543081812
* Starting evolution
[MASTER] 10:31:29.523 [pool-2-thread-1] WARN  TimeController - Phase INITIALIZATION lasted too long, 2 seconds more than allowed.
* Search finished after 31s and 551 generations, 92308 statements, best individual has fitness: 2.0
* Writing sequences to pool
* Minimizing test suite
* Going to analyze the coverage criteria
* Coverage analysis for criterion LINE
* Coverage of criterion LINE: 83%
* Total number of goals: 6
* Number of covered goals: 5
* Coverage analysis for criterion BRANCH
* Coverage of criterion BRANCH: 100%
* Total number of goals: 2
* Number of covered goals: 2
* Coverage analysis for criterion EXCEPTION
* Coverage of criterion EXCEPTION: 100%
* Total number of goals: 1
* Number of covered goals: 1
* Coverage analysis for criterion WEAKMUTATION
* Coverage of criterion WEAKMUTATION: 100% (no goals)
* Coverage analysis for criterion OUTPUT
* Coverage of criterion OUTPUT: 100% (no goals)
* Coverage analysis for criterion METHOD
* Coverage of criterion METHOD: 100%
* Total number of goals: 2
* Number of covered goals: 2
* Coverage analysis for criterion METHODNOEXCEPTION
* Coverage of criterion METHODNOEXCEPTION: 50%
* Total number of goals: 2
* Number of covered goals: 1
* Coverage analysis for criterion CBRANCH
* Coverage of criterion CBRANCH: 100%
* Total number of goals: 2
* Number of covered goals: 2
* Generated 2 tests with total length 3
* Resulting test suite's coverage: 92% (average coverage for all fitness functions)
* Generating assertions
* Resulting test suite's mutation score: 100%
* Compiling and checking tests
* Writing JUnit test case 'VintageAPP_ESTest' to C:\Users\luis-\Desktop\Universidade\LEI\ATS_LUIS\trabalhos_POO\trabalhos_POO\TP1\.evosuite\tmp_2024_05_24_10_26_07\tests
* Done!

