[MASTER] 10:28:19.671 [pool-2-thread-1] ERROR TestCluster - Failed to check cache for java.time.temporal.TemporalQuery<R> : Type points to itself
[MASTER] 10:28:35.480 [TEST_EXECUTION_THREAD_0] ERROR AbstractStatement - Error assigning value of type TemporalQuery[] defined at statement TemporalQuery<String>[] temporalQueryArray0 = (TemporalQuery<String>[]) Array.newInstance(TemporalQuery.class, 4);, assignment statement: temporalQueryArray0[0] = (TemporalQuery<String>) temporalQueryArray0;; SUT=Model.Sapatilhas
[MASTER] 10:28:57.683 [pool-2-thread-1] ERROR JUnitAnalyzer - Compilation failed on compilation units: [RegularFileObject[C:\Users\luis-\AppData\Local\Temp\EvoSuite_0_1716542936308\Model\Sapatilhas_0_tmp__ESTest.java], RegularFileObject[C:\Users\luis-\AppData\Local\Temp\EvoSuite_0_1716542936308\Model\Sapatilhas_0_tmp__ESTest_scaffolding.java]]
[MASTER] 10:28:57.683 [pool-2-thread-1] ERROR JUnitAnalyzer - Classpath: C:/Users/luis-/Desktop/Universidade/LEI/ATS_LUIS/trabalhos_POO/trabalhos_POO/TP1/out/production/TP1;C:\Program Files\Java\jdk1.8.0_202\jre\lib\charsets.jar;C:\Program Files\Java\jdk1.8.0_202\jre\lib\deploy.jar;C:\Program Files\Java\jdk1.8.0_202\jre\lib\ext\access-bridge-64.jar;C:\Program Files\Java\jdk1.8.0_202\jre\lib\ext\cldrdata.jar;C:\Program Files\Java\jdk1.8.0_202\jre\lib\ext\dnsns.jar;C:\Program Files\Java\jdk1.8.0_202\jre\lib\ext\jaccess.jar;C:\Program Files\Java\jdk1.8.0_202\jre\lib\ext\jfxrt.jar;C:\Program Files\Java\jdk1.8.0_202\jre\lib\ext\localedata.jar;C:\Program Files\Java\jdk1.8.0_202\jre\lib\ext\nashorn.jar;C:\Program Files\Java\jdk1.8.0_202\jre\lib\ext\sunec.jar;C:\Program Files\Java\jdk1.8.0_202\jre\lib\ext\sunjce_provider.jar;C:\Program Files\Java\jdk1.8.0_202\jre\lib\ext\sunmscapi.jar;C:\Program Files\Java\jdk1.8.0_202\jre\lib\ext\sunpkcs11.jar;C:\Program Files\Java\jdk1.8.0_202\jre\lib\ext\zipfs.jar;C:\Program Files\Java\jdk1.8.0_202\jre\lib\javaws.jar;C:\Program Files\Java\jdk1.8.0_202\jre\lib\jce.jar;C:\Program Files\Java\jdk1.8.0_202\jre\lib\jfr.jar;C:\Program Files\Java\jdk1.8.0_202\jre\lib\jfxswt.jar;C:\Program Files\Java\jdk1.8.0_202\jre\lib\jsse.jar;C:\Program Files\Java\jdk1.8.0_202\jre\lib\management-agent.jar;C:\Program Files\Java\jdk1.8.0_202\jre\lib\plugin.jar;C:\Program Files\Java\jdk1.8.0_202\jre\lib\resources.jar;C:\Program Files\Java\jdk1.8.0_202\jre\lib\rt.jar;C:\Users\luis-\Desktop\Universidade\LEI\ATS_LUIS\trabalhos_POO\trabalhos_POO\TP1\out\production\TP1;C:\Users\luis-\Desktop\Universidade\LEI\ATS_LUIS\trabalhos_POO\trabalhos_POO\TP1\out\production\TP1;C:\Program Files\Java\jdk1.8.0_202\jre\lib\charsets.jar;C:\Program Files\Java\jdk1.8.0_202\jre\lib\deploy.jar;C:\Program Files\Java\jdk1.8.0_202\jre\lib\ext\access-bridge-64.jar;C:\Program Files\Java\jdk1.8.0_202\jre\lib\ext\cldrdata.jar;C:\Program Files\Java\jdk1.8.0_202\jre\lib\ext\dnsns.jar;C:\Program Files\Java\jdk1.8.0_202\jre\lib\ext\jaccess.jar;C:\Program Files\Java\jdk1.8.0_202\jre\lib\ext\jfxrt.jar;C:\Program Files\Java\jdk1.8.0_202\jre\lib\ext\localedata.jar;C:\Program Files\Java\jdk1.8.0_202\jre\lib\ext\nashorn.jar;C:\Program Files\Java\jdk1.8.0_202\jre\lib\ext\sunec.jar;C:\Program Files\Java\jdk1.8.0_202\jre\lib\ext\sunjce_provider.jar;C:\Program Files\Java\jdk1.8.0_202\jre\lib\ext\sunmscapi.jar;C:\Program Files\Java\jdk1.8.0_202\jre\lib\ext\sunpkcs11.jar;C:\Program Files\Java\jdk1.8.0_202\jre\lib\ext\zipfs.jar;C:\Program Files\Java\jdk1.8.0_202\jre\lib\javaws.jar;C:\Program Files\Java\jdk1.8.0_202\jre\lib\jce.jar;C:\Program Files\Java\jdk1.8.0_202\jre\lib\jfr.jar;C:\Program Files\Java\jdk1.8.0_202\jre\lib\jfxswt.jar;C:\Program Files\Java\jdk1.8.0_202\jre\lib\jsse.jar;C:\Program Files\Java\jdk1.8.0_202\jre\lib\management-agent.jar;C:\Program Files\Java\jdk1.8.0_202\jre\lib\plugin.jar;C:\Program Files\Java\jdk1.8.0_202\jre\lib\resources.jar;C:\Program Files\Java\jdk1.8.0_202\jre\lib\rt.jar;C:\Users\luis-\Desktop\Universidade\LEI\ATS_LUIS\trabalhos_POO\trabalhos_POO\TP1\out\production\TP1;C:\Users\luis-\Downloads\evosuite-1.0.6.jar;C:\Users\luis-\Desktop\Universidade\LEI\ATS_LUIS\trabalhos_POO\trabalhos_POO\TP1\out\production\TP1;C:\Program Files\Java\jdk1.8.0_202\jre\lib\charsets.jar;C:\Program Files\Java\jdk1.8.0_202\jre\lib\deploy.jar;C:\Program Files\Java\jdk1.8.0_202\jre\lib\ext\access-bridge-64.jar;C:\Program Files\Java\jdk1.8.0_202\jre\lib\ext\cldrdata.jar;C:\Program Files\Java\jdk1.8.0_202\jre\lib\ext\dnsns.jar;C:\Program Files\Java\jdk1.8.0_202\jre\lib\ext\jaccess.jar;C:\Program Files\Java\jdk1.8.0_202\jre\lib\ext\jfxrt.jar;C:\Program Files\Java\jdk1.8.0_202\jre\lib\ext\localedata.jar;C:\Program Files\Java\jdk1.8.0_202\jre\lib\ext\nashorn.jar;C:\Program Files\Java\jdk1.8.0_202\jre\lib\ext\sunec.jar;C:\Program Files\Java\jdk1.8.0_202\jre\lib\ext\sunjce_provider.jar;C:\Program Files\Java\jdk1.8.0_202\jre\lib\ext\sunmscapi.jar;C:\Program Files\Java\jdk1.8.0_202\jre\lib\ext\sunpkcs11.jar;C:\Program Files\Java\jdk1.8.0_202\jre\lib\ext\zipfs.jar;C:\Program Files\Java\jdk1.8.0_202\jre\lib\javaws.jar;C:\Program Files\Java\jdk1.8.0_202\jre\lib\jce.jar;C:\Program Files\Java\jdk1.8.0_202\jre\lib\jfr.jar;C:\Program Files\Java\jdk1.8.0_202\jre\lib\jfxswt.jar;C:\Program Files\Java\jdk1.8.0_202\jre\lib\jsse.jar;C:\Program Files\Java\jdk1.8.0_202\jre\lib\management-agent.jar;C:\Program Files\Java\jdk1.8.0_202\jre\lib\plugin.jar;C:\Program Files\Java\jdk1.8.0_202\jre\lib\resources.jar;C:\Program Files\Java\jdk1.8.0_202\jre\lib\rt.jar;C:\Users\luis-\Desktop\Universidade\LEI\ATS_LUIS\trabalhos_POO\trabalhos_POO\TP1\out\production\TP1
[MASTER] 10:28:57.683 [pool-2-thread-1] ERROR JUnitAnalyzer - evosuiteCP: C:\Users\luis-\Desktop\Universidade\LEI\ATS_LUIS\trabalhos_POO\trabalhos_POO\TP1\out\production\TP1;C:\Program Files\Java\jdk1.8.0_202\jre\lib\charsets.jar;C:\Program Files\Java\jdk1.8.0_202\jre\lib\deploy.jar;C:\Program Files\Java\jdk1.8.0_202\jre\lib\ext\access-bridge-64.jar;C:\Program Files\Java\jdk1.8.0_202\jre\lib\ext\cldrdata.jar;C:\Program Files\Java\jdk1.8.0_202\jre\lib\ext\dnsns.jar;C:\Program Files\Java\jdk1.8.0_202\jre\lib\ext\jaccess.jar;C:\Program Files\Java\jdk1.8.0_202\jre\lib\ext\jfxrt.jar;C:\Program Files\Java\jdk1.8.0_202\jre\lib\ext\localedata.jar;C:\Program Files\Java\jdk1.8.0_202\jre\lib\ext\nashorn.jar;C:\Program Files\Java\jdk1.8.0_202\jre\lib\ext\sunec.jar;C:\Program Files\Java\jdk1.8.0_202\jre\lib\ext\sunjce_provider.jar;C:\Program Files\Java\jdk1.8.0_202\jre\lib\ext\sunmscapi.jar;C:\Program Files\Java\jdk1.8.0_202\jre\lib\ext\sunpkcs11.jar;C:\Program Files\Java\jdk1.8.0_202\jre\lib\ext\zipfs.jar;C:\Program Files\Java\jdk1.8.0_202\jre\lib\javaws.jar;C:\Program Files\Java\jdk1.8.0_202\jre\lib\jce.jar;C:\Program Files\Java\jdk1.8.0_202\jre\lib\jfr.jar;C:\Program Files\Java\jdk1.8.0_202\jre\lib\jfxswt.jar;C:\Program Files\Java\jdk1.8.0_202\jre\lib\jsse.jar;C:\Program Files\Java\jdk1.8.0_202\jre\lib\management-agent.jar;C:\Program Files\Java\jdk1.8.0_202\jre\lib\plugin.jar;C:\Program Files\Java\jdk1.8.0_202\jre\lib\resources.jar;C:\Program Files\Java\jdk1.8.0_202\jre\lib\rt.jar;C:\Users\luis-\Desktop\Universidade\LEI\ATS_LUIS\trabalhos_POO\trabalhos_POO\TP1\out\production\TP1;C:\Users\luis-\Downloads\evosuite-1.0.6.jar;C:\Users\luis-\Desktop\Universidade\LEI\ATS_LUIS\trabalhos_POO\trabalhos_POO\TP1\out\production\TP1;C:\Program Files\Java\jdk1.8.0_202\jre\lib\charsets.jar;C:\Program Files\Java\jdk1.8.0_202\jre\lib\deploy.jar;C:\Program Files\Java\jdk1.8.0_202\jre\lib\ext\access-bridge-64.jar;C:\Program Files\Java\jdk1.8.0_202\jre\lib\ext\cldrdata.jar;C:\Program Files\Java\jdk1.8.0_202\jre\lib\ext\dnsns.jar;C:\Program Files\Java\jdk1.8.0_202\jre\lib\ext\jaccess.jar;C:\Program Files\Java\jdk1.8.0_202\jre\lib\ext\jfxrt.jar;C:\Program Files\Java\jdk1.8.0_202\jre\lib\ext\localedata.jar;C:\Program Files\Java\jdk1.8.0_202\jre\lib\ext\nashorn.jar;C:\Program Files\Java\jdk1.8.0_202\jre\lib\ext\sunec.jar;C:\Program Files\Java\jdk1.8.0_202\jre\lib\ext\sunjce_provider.jar;C:\Program Files\Java\jdk1.8.0_202\jre\lib\ext\sunmscapi.jar;C:\Program Files\Java\jdk1.8.0_202\jre\lib\ext\sunpkcs11.jar;C:\Program Files\Java\jdk1.8.0_202\jre\lib\ext\zipfs.jar;C:\Program Files\Java\jdk1.8.0_202\jre\lib\javaws.jar;C:\Program Files\Java\jdk1.8.0_202\jre\lib\jce.jar;C:\Program Files\Java\jdk1.8.0_202\jre\lib\jfr.jar;C:\Program Files\Java\jdk1.8.0_202\jre\lib\jfxswt.jar;C:\Program Files\Java\jdk1.8.0_202\jre\lib\jsse.jar;C:\Program Files\Java\jdk1.8.0_202\jre\lib\management-agent.jar;C:\Program Files\Java\jdk1.8.0_202\jre\lib\plugin.jar;C:\Program Files\Java\jdk1.8.0_202\jre\lib\resources.jar;C:\Program Files\Java\jdk1.8.0_202\jre\lib\rt.jar;C:\Users\luis-\Desktop\Universidade\LEI\ATS_LUIS\trabalhos_POO\trabalhos_POO\TP1\out\production\TP1
[MASTER] 10:28:57.703 [pool-2-thread-1] ERROR JUnitAnalyzer - Diagnostic: unmappable character for encoding UTF-8: 29
[MASTER] 10:28:57.703 [pool-2-thread-1] ERROR JUnitAnalyzer - Diagnostic: unmappable character for encoding UTF-8: 29
[MASTER] 10:28:57.703 [pool-2-thread-1] ERROR JUnitAnalyzer - Diagnostic: unmappable character for encoding UTF-8: 29
[MASTER] 10:28:57.703 [pool-2-thread-1] ERROR JUnitAnalyzer - Diagnostic: unmappable character for encoding UTF-8: 29
[MASTER] 10:28:57.703 [pool-2-thread-1] ERROR JUnitAnalyzer - Diagnostic: unmappable character for encoding UTF-8: 29
[MASTER] 10:28:57.703 [pool-2-thread-1] ERROR JUnitAnalyzer - Diagnostic: unmappable character for encoding UTF-8: 29
[MASTER] 10:28:57.703 [pool-2-thread-1] ERROR JUnitAnalyzer - Diagnostic: unmappable character for encoding UTF-8: 29
[MASTER] 10:28:57.703 [pool-2-thread-1] ERROR JUnitAnalyzer - Diagnostic: unmappable character for encoding UTF-8: 30
[MASTER] 10:28:57.703 [pool-2-thread-1] ERROR JUnitAnalyzer - Diagnostic: unmappable character for encoding UTF-8: 30
[MASTER] 10:28:57.703 [pool-2-thread-1] ERROR JUnitAnalyzer - Diagnostic: illegal character: '\ufffd': 29
[MASTER] 10:28:57.703 [pool-2-thread-1] ERROR JUnitAnalyzer - Diagnostic: not a statement: 29
[MASTER] 10:28:57.703 [pool-2-thread-1] ERROR JUnitAnalyzer - Diagnostic: illegal character: '\ufffd': 29
[MASTER] 10:28:57.703 [pool-2-thread-1] ERROR JUnitAnalyzer - Diagnostic: illegal character: '\ufffd': 29
[MASTER] 10:28:57.703 [pool-2-thread-1] ERROR JUnitAnalyzer - Diagnostic: illegal character: '\ufffd': 29
[MASTER] 10:28:57.703 [pool-2-thread-1] ERROR JUnitAnalyzer - Diagnostic: illegal character: '\ufffd': 29
[MASTER] 10:28:57.703 [pool-2-thread-1] ERROR JUnitAnalyzer - Diagnostic: illegal character: '\ufffd': 29
[MASTER] 10:28:57.703 [pool-2-thread-1] ERROR JUnitAnalyzer - Diagnostic: illegal character: '\ufffd': 29
[MASTER] 10:28:57.703 [pool-2-thread-1] ERROR JUnitAnalyzer - Diagnostic: not a statement: 29
[MASTER] 10:28:57.703 [pool-2-thread-1] ERROR JUnitAnalyzer - Diagnostic: not a statement: 29
[MASTER] 10:28:57.703 [pool-2-thread-1] ERROR JUnitAnalyzer - Diagnostic: illegal character: '\ufffd': 30
[MASTER] 10:28:57.703 [pool-2-thread-1] ERROR JUnitAnalyzer - Diagnostic: illegal character: '\ufffd': 30
[MASTER] 10:28:57.703 [pool-2-thread-1] ERROR JUnitAnalyzer - Diagnostic: <identifier> expected: 30
[MASTER] 10:28:57.703 [pool-2-thread-1] ERROR JUnitAnalyzer - Diagnostic: illegal start of expression: 30
[MASTER] 10:28:57.703 [pool-2-thread-1] ERROR JUnitAnalyzer - Diagnostic: ';' expected: 30
[MASTER] 10:28:57.703 [pool-2-thread-1] ERROR JUnitAnalyzer - Diagnostic: illegal start of expression: 30
[MASTER] 10:28:57.703 [pool-2-thread-1] ERROR JUnitAnalyzer - Diagnostic: ';' expected: 30
[MASTER] 10:28:57.703 [pool-2-thread-1] ERROR JUnitAnalyzer - Diagnostic: illegal start of expression: 30
[MASTER] 10:28:57.703 [pool-2-thread-1] ERROR JUnitAnalyzer - Diagnostic: ';' expected: 30
[MASTER] 10:28:57.703 [pool-2-thread-1] ERROR JUnitAnalyzer - Diagnostic: illegal start of expression: 30
[MASTER] 10:28:57.703 [pool-2-thread-1] ERROR JUnitAnalyzer - Diagnostic: ';' expected: 30
[MASTER] 10:28:57.703 [pool-2-thread-1] ERROR JUnitAnalyzer - Diagnostic: illegal start of expression: 30
[MASTER] 10:28:57.714 [pool-2-thread-1] ERROR JUnitAnalyzer - Diagnostic: ';' expected: 30
[MASTER] 10:28:57.714 [pool-2-thread-1] ERROR JUnitAnalyzer - Diagnostic: illegal start of expression: 30
[MASTER] 10:28:57.714 [pool-2-thread-1] ERROR JUnitAnalyzer - Diagnostic: unmappable character for encoding UTF-8: 88
[MASTER] 10:28:57.714 [pool-2-thread-1] ERROR JUnitAnalyzer - Diagnostic: unmappable character for encoding UTF-8: 88
[MASTER] 10:28:57.714 [pool-2-thread-1] ERROR JUnitAnalyzer - RegularFileObject[C:\Users\luis-\AppData\Local\Temp\EvoSuite_0_1716542936308\Model\Sapatilhas_0_tmp__ESTest.java]
1: /*
2:  * This file was automatically generated by EvoSuite
3:  * Fri May 24 09:28:56 GMT 2024
4:  */
5: 
6: package Model;
7: 
8: import org.junit.Test;
9: import static org.junit.Assert.*;
10: import Model.Artigo;
11: import Model.Sapatilhas;
12: import java.time.Clock;
13: import java.time.LocalDate;
14: import org.evosuite.runtime.EvoRunner;
15: import org.evosuite.runtime.EvoRunnerParameters;
16: import org.evosuite.runtime.mock.java.time.MockClock;
17: import org.evosuite.runtime.mock.java.time.MockLocalDate;
18: import org.junit.runner.RunWith;
19: 
20: @RunWith(EvoRunner.class) @EvoRunnerParameters(mockJVMNonDeterminism = true, useVFS = true, useVNET = true, resetStaticState = true, useJEE = true) 
21: public class Sapatilhas_0_tmp__ESTest extends Sapatilhas_0_tmp__ESTest_scaffolding {
22: 
23:   @Test(timeout = 4000)
24:   public void test0()  throws Throwable  {
25:       Clock clock0 = MockClock.systemUTC();
26:       LocalDate localDate0 = MockLocalDate.now(clock0);
27:       Sapatilhas.Tipos_Sapatilhas sapatilhas_Tipos_Sapatilhas0 = Sapatilhas.Tipos_Sapatilhas.NORMAL;
28:       Artigo.Estado artigo_Estado0 = Artigo.Estado.USADO;
29:       Artigo.Avaliação artigo_Avaliação0 = Artigo.Avaliação.SATISFATÓRIO;
30:       Sapatilhas sapatilhas0 = new Sapatilhas(0, false, "[MM]~C6$|o7{EH", localDate0, sapatilhas_Tipos_Sapatilhas0, "[MM]~C6$|o7{EH", artigo_Estado0, (-1), artigo_Avaliação0, "[MM]~C6$|o7{EH", "Model.Artigo$Avalia\u00E7\u00E3o", "[MM]~C6$|o7{EH", 0.0, 3932.0, "Model.Artigo$Avalia\u00E7\u00E3o");
31:       Sapatilhas sapatilhas1 = new Sapatilhas(sapatilhas0);
32:       sapatilhas1.setTamanhoNumerico(684);
33:       boolean boolean0 = sapatilhas1.equals(sapatilhas0);
34:       assertEquals(684, sapatilhas1.getTamanhoNumerico());
35:       assertFalse(boolean0);
36:   }
37: }
RegularFileObject[C:\Users\luis-\AppData\Local\Temp\EvoSuite_0_1716542936308\Model\Sapatilhas_0_tmp__ESTest.java]
1: /**
2:  * Scaffolding file used to store all the setups needed to run 
3:  * tests automatically generated by EvoSuite
4:  * Fri May 24 09:28:56 GMT 2024
5:  */
6: 
7: package Model;
8: 
9: import org.evosuite.runtime.annotation.EvoSuiteClassExclude;
10: import org.junit.BeforeClass;
11: import org.junit.Before;
12: import org.junit.After;
13: import org.junit.AfterClass;
14: import org.evosuite.runtime.sandbox.Sandbox;
15: import org.evosuite.runtime.sandbox.Sandbox.SandboxMode;
16: 
17: @EvoSuiteClassExclude
18: public class Sapatilhas_0_tmp__ESTest_scaffolding {
19: 
20:   @org.junit.Rule 
21:   public org.evosuite.runtime.vnet.NonFunctionalRequirementRule nfr = new org.evosuite.runtime.vnet.NonFunctionalRequirementRule();
22: 
23:   private static final java.util.Properties defaultProperties = (java.util.Properties) java.lang.System.getProperties().clone(); 
24: 
25:   private org.evosuite.runtime.thread.ThreadStopper threadStopper =  new org.evosuite.runtime.thread.ThreadStopper (org.evosuite.runtime.thread.KillSwitchHandler.getInstance(), 3000);
26: 
27: 
28:   @BeforeClass 
29:   public static void initEvoSuiteFramework() { 
30:     org.evosuite.runtime.RuntimeSettings.className = "Model.Sapatilhas"; 
31:     org.evosuite.runtime.GuiSupport.initialize(); 
32:     org.evosuite.runtime.RuntimeSettings.maxNumberOfThreads = 100; 
33:     org.evosuite.runtime.RuntimeSettings.maxNumberOfIterationsPerLoop = 10000; 
34:     org.evosuite.runtime.RuntimeSettings.mockSystemIn = true; 
35:     org.evosuite.runtime.RuntimeSettings.sandboxMode = org.evosuite.runtime.sandbox.Sandbox.SandboxMode.RECOMMENDED; 
36:     org.evosuite.runtime.sandbox.Sandbox.initializeSecurityManagerForSUT(); 
37:     org.evosuite.runtime.classhandling.JDKClassResetter.init();
38:     setSystemProperties();
39:     initializeClasses();
40:     org.evosuite.runtime.Runtime.getInstance().resetRuntime(); 
41:   } 
42: 
43:   @AfterClass 
44:   public static void clearEvoSuiteFramework(){ 
45:     Sandbox.resetDefaultSecurityManager(); 
46:     java.lang.System.setProperties((java.util.Properties) defaultProperties.clone()); 
47:   } 
48: 
49:   @Before 
50:   public void initTestCase(){ 
51:     threadStopper.storeCurrentThreads();
52:     threadStopper.startRecordingTime();
53:     org.evosuite.runtime.jvm.ShutdownHookHandler.getInstance().initHandler(); 
54:     org.evosuite.runtime.sandbox.Sandbox.goingToExecuteSUTCode(); 
55:     setSystemProperties(); 
56:     org.evosuite.runtime.GuiSupport.setHeadless(); 
57:     org.evosuite.runtime.Runtime.getInstance().resetRuntime(); 
58:     org.evosuite.runtime.agent.InstrumentingAgent.activate(); 
59:   } 
60: 
61:   @After 
62:   public void doneWithTestCase(){ 
63:     threadStopper.killAndJoinClientThreads();
64:     org.evosuite.runtime.jvm.ShutdownHookHandler.getInstance().safeExecuteAddedHooks(); 
65:     org.evosuite.runtime.classhandling.JDKClassResetter.reset(); 
66:     resetClasses(); 
67:     org.evosuite.runtime.sandbox.Sandbox.doneWithExecutingSUTCode(); 
68:     org.evosuite.runtime.agent.InstrumentingAgent.deactivate(); 
69:     org.evosuite.runtime.GuiSupport.restoreHeadlessMode(); 
70:   } 
71: 
72:   public static void setSystemProperties() {
73:  
74:     java.lang.System.setProperties((java.util.Properties) defaultProperties.clone()); 
75:     java.lang.System.setProperty("file.encoding", "Cp1252"); 
76:     java.lang.System.setProperty("java.awt.headless", "true"); 
77:     java.lang.System.setProperty("java.io.tmpdir", "C:\\Users\\luis-\\AppData\\Local\\Temp\\"); 
78:     java.lang.System.setProperty("user.country", "BR"); 
79:     java.lang.System.setProperty("user.dir", "C:\\Users\\luis-\\Desktop\\Universidade\\LEI\\ATS_LUIS\\trabalhos_POO\\trabalhos_POO\\TP1"); 
80:     java.lang.System.setProperty("user.home", "C:\\Users\\luis-"); 
81:     java.lang.System.setProperty("user.language", "pt"); 
82:     java.lang.System.setProperty("user.name", "luis-"); 
83:     java.lang.System.setProperty("user.timezone", "Europe/London"); 
84:   }
85: 
86:   private static void initializeClasses() {
87:     org.evosuite.runtime.classhandling.ClassStateSupport.initializeClasses(Sapatilhas_0_tmp__ESTest_scaffolding.class.getClassLoader() ,
88:       "Model.Artigo$Avaliação",
89:       "Model.Sapatilhas$Tipos_Sapatilhas",
90:       "Model.Sapatilhas",
91:       "Model.Artigo",
92:       "Model.Artigo$Estado"
93:     );
94:   } 
95: 
96:   private static void resetClasses() {
97:     org.evosuite.runtime.classhandling.ClassResetter.getInstance().setClassLoader(Sapatilhas_0_tmp__ESTest_scaffolding.class.getClassLoader()); 
98: 
99:     org.evosuite.runtime.classhandling.ClassStateSupport.resetClasses(
100:       "Model.Artigo",
101:       "Model.Sapatilhas",
102:       "Model.Sapatilhas$Tipos_Sapatilhas",
103:       "Model.Artigo$Estado"
104:     );
105:   }
106: }

[MASTER] 10:28:57.714 [pool-2-thread-1] ERROR JUnitAnalyzer - Failed to compile test case:
Clock clock0 = MockClock.systemUTC();
LocalDate localDate0 = MockLocalDate.now(clock0);
Sapatilhas.Tipos_Sapatilhas sapatilhas_Tipos_Sapatilhas0 = Sapatilhas.Tipos_Sapatilhas.NORMAL;
Artigo.Estado artigo_Estado0 = Artigo.Estado.USADO;
Artigo.Avaliação artigo_Avaliação0 = Artigo.Avaliação.SATISFATÓRIO;
Sapatilhas sapatilhas0 = new Sapatilhas(0, false, "[MM]~C6$|o7{EH", localDate0, sapatilhas_Tipos_Sapatilhas0, "[MM]~C6$|o7{EH", artigo_Estado0, (-1), artigo_Avaliação0, "[MM]~C6$|o7{EH", "Model.Artigo$Avalia\u00E7\u00E3o", "[MM]~C6$|o7{EH", 0.0, 3932.0, "Model.Artigo$Avalia\u00E7\u00E3o");
Sapatilhas sapatilhas1 = new Sapatilhas(sapatilhas0);
sapatilhas1.setTamanhoNumerico(684);
boolean boolean0 = sapatilhas1.equals(sapatilhas0);
assertEquals(684, sapatilhas1.getTamanhoNumerico());
assertFalse(boolean0);


