* Starting client
* Connecting to master process on port 5245
* Analyzing classpath: 
  - C:/Users/luis-/Desktop/Universidade/LEI/ATS_LUIS/trabalhos_POO/trabalhos_POO/TP2/out/production/TP2
  - C:\Program Files\Java\jdk1.8.0_202\jre\lib\charsets.jar
  - C:\Program Files\Java\jdk1.8.0_202\jre\lib\deploy.jar
  - C:\Program Files\Java\jdk1.8.0_202\jre\lib\ext\access-bridge-64.jar
  - C:\Program Files\Java\jdk1.8.0_202\jre\lib\ext\cldrdata.jar
  - C:\Program Files\Java\jdk1.8.0_202\jre\lib\ext\dnsns.jar
  - C:\Program Files\Java\jdk1.8.0_202\jre\lib\ext\jaccess.jar
  - C:\Program Files\Java\jdk1.8.0_202\jre\lib\ext\jfxrt.jar
  - C:\Program Files\Java\jdk1.8.0_202\jre\lib\ext\localedata.jar
  - C:\Program Files\Java\jdk1.8.0_202\jre\lib\ext\nashorn.jar
  - C:\Program Files\Java\jdk1.8.0_202\jre\lib\ext\sunec.jar
  - C:\Program Files\Java\jdk1.8.0_202\jre\lib\ext\sunjce_provider.jar
  - C:\Program Files\Java\jdk1.8.0_202\jre\lib\ext\sunmscapi.jar
  - C:\Program Files\Java\jdk1.8.0_202\jre\lib\ext\sunpkcs11.jar
  - C:\Program Files\Java\jdk1.8.0_202\jre\lib\ext\zipfs.jar
  - C:\Program Files\Java\jdk1.8.0_202\jre\lib\javaws.jar
  - C:\Program Files\Java\jdk1.8.0_202\jre\lib\jce.jar
  - C:\Program Files\Java\jdk1.8.0_202\jre\lib\jfr.jar
  - C:\Program Files\Java\jdk1.8.0_202\jre\lib\jfxswt.jar
  - C:\Program Files\Java\jdk1.8.0_202\jre\lib\jsse.jar
  - C:\Program Files\Java\jdk1.8.0_202\jre\lib\management-agent.jar
  - C:\Program Files\Java\jdk1.8.0_202\jre\lib\plugin.jar
  - C:\Program Files\Java\jdk1.8.0_202\jre\lib\resources.jar
  - C:\Program Files\Java\jdk1.8.0_202\jre\lib\rt.jar
  - C:\Users\luis-\Desktop\Universidade\LEI\ATS_LUIS\trabalhos_POO\trabalhos_POO\TP2\out\production\TP2
* Finished analyzing classpath
* Generating tests for class Mala
* Test criteria:
  - Line Coverage
  - Branch Coverage
  - Exception
  - Mutation testing (weak)
  - Method-Output Coverage
  - Top-Level Method Coverage
  - No-Exception Top-Level Method Coverage
  - Context Branch Coverage
* Setting up search algorithm for whole suite generation
[MASTER] 10:55:13.509 [pool-2-thread-1] WARN  TestSuiteSerialization - Cannot load tests because file does not exist: C:\Users\luis-\Desktop\Universidade\LEI\ATS_LUIS\trabalhos_POO\trabalhos_POO\TP2\.evosuite\evosuite-seeds\Mala.seed
* Loaded 0 tests from C:\Users\luis-\Desktop\Universidade\LEI\ATS_LUIS\trabalhos_POO\trabalhos_POO\TP2\.evosuite\evosuite-seeds\Mala.seed
* Total number of test goals: 
  - Line 66
  - Branch 43
  - Exception 0
  - MutationFactory 155
  - Output 56
  - Method 17
  - MethodNoException 17
  - CBranchFitnessFactory 43
* Using seed 1716544503150
* Starting evolution
[MASTER] 10:55:13.708 [pool-2-thread-1] WARN  TimeController - Phase INITIALIZATION lasted too long, 5 seconds more than allowed.
* Search finished after 34s and 25 generations, 21244 statements, best individual has fitness: 18.64285714092582
* Writing sequences to pool
* Minimizing test suite
[MASTER] 10:55:54.539 [pool-2-thread-1] WARN  TestSuiteMinimizer - Minimization timeout. Roll back to original test suite
* Going to analyze the coverage criteria
* Coverage analysis for criterion LINE
* Coverage of criterion LINE: 98%
* Total number of goals: 66
* Number of covered goals: 65
* Coverage analysis for criterion BRANCH
* Coverage of criterion BRANCH: 98%
* Total number of goals: 43
* Number of covered goals: 42
* Coverage analysis for criterion EXCEPTION
* Coverage of criterion EXCEPTION: 100%
* Total number of goals: 6
* Number of covered goals: 6
* Coverage analysis for criterion WEAKMUTATION
* Coverage of criterion WEAKMUTATION: 92%
* Total number of goals: 155
* Number of covered goals: 143
* Coverage analysis for criterion OUTPUT
* Coverage of criterion OUTPUT: 91%
* Total number of goals: 56
* Number of covered goals: 51
* Coverage analysis for criterion METHOD
* Coverage of criterion METHOD: 100%
* Total number of goals: 17
* Number of covered goals: 17
* Coverage analysis for criterion METHODNOEXCEPTION
* Coverage of criterion METHODNOEXCEPTION: 100%
* Total number of goals: 17
* Number of covered goals: 17
* Coverage analysis for criterion CBRANCH
* Coverage of criterion CBRANCH: 98%
* Total number of goals: 43
* Number of covered goals: 42
* Generated 42 tests with total length 624
* Resulting test suite's coverage: 97% (average coverage for all fitness functions)
* Generating assertions
[MASTER] 10:56:03.745 [pool-2-thread-1] WARN  SimpleMutationAssertionGenerator - Assertion minimization is taking too long (0.6842% of time used, but only 2/42 tests minimized), falling back to using all assertions
[MASTER] 10:56:05.682 [pool-2-thread-1] WARN  SimpleMutationAssertionGenerator - Reached maximum time to generate assertions, aborting assertion generation
* Resulting test suite's mutation score: 32%
* Compiling and checking tests
[MASTER] 10:56:05.757 [pool-2-thread-1] WARN  TimeController - Current phase JUNIT_CHECK could run up to 5s, but only 0s are left
[MASTER] 10:56:05.758 [pool-2-thread-1] WARN  TimeController - Current phase WRITING_TESTS could run up to 5s, but only 0s are left
* Writing JUnit test case 'Mala_ESTest' to C:\Users\luis-\Desktop\Universidade\LEI\ATS_LUIS\trabalhos_POO\trabalhos_POO\TP2\.evosuite\tmp_2024_05_24_10_49_50\tests
* Done!

