* Starting client
* Connecting to master process on port 2511
* Analyzing classpath: 
  - C:/Users/luis-/Desktop/Universidade/LEI/ATS_LUIS/trabalhos_POO/trabalhos_POO/TP1/out/production/TP1
  - C:\Program Files\Java\jdk1.8.0_202\jre\lib\charsets.jar
  - C:\Program Files\Java\jdk1.8.0_202\jre\lib\deploy.jar
  - C:\Program Files\Java\jdk1.8.0_202\jre\lib\ext\access-bridge-64.jar
  - C:\Program Files\Java\jdk1.8.0_202\jre\lib\ext\cldrdata.jar
  - C:\Program Files\Java\jdk1.8.0_202\jre\lib\ext\dnsns.jar
  - C:\Program Files\Java\jdk1.8.0_202\jre\lib\ext\jaccess.jar
  - C:\Program Files\Java\jdk1.8.0_202\jre\lib\ext\jfxrt.jar
  - C:\Program Files\Java\jdk1.8.0_202\jre\lib\ext\localedata.jar
  - C:\Program Files\Java\jdk1.8.0_202\jre\lib\ext\nashorn.jar
  - C:\Program Files\Java\jdk1.8.0_202\jre\lib\ext\sunec.jar
  - C:\Program Files\Java\jdk1.8.0_202\jre\lib\ext\sunjce_provider.jar
  - C:\Program Files\Java\jdk1.8.0_202\jre\lib\ext\sunmscapi.jar
  - C:\Program Files\Java\jdk1.8.0_202\jre\lib\ext\sunpkcs11.jar
  - C:\Program Files\Java\jdk1.8.0_202\jre\lib\ext\zipfs.jar
  - C:\Program Files\Java\jdk1.8.0_202\jre\lib\javaws.jar
  - C:\Program Files\Java\jdk1.8.0_202\jre\lib\jce.jar
  - C:\Program Files\Java\jdk1.8.0_202\jre\lib\jfr.jar
  - C:\Program Files\Java\jdk1.8.0_202\jre\lib\jfxswt.jar
  - C:\Program Files\Java\jdk1.8.0_202\jre\lib\jsse.jar
  - C:\Program Files\Java\jdk1.8.0_202\jre\lib\management-agent.jar
  - C:\Program Files\Java\jdk1.8.0_202\jre\lib\plugin.jar
  - C:\Program Files\Java\jdk1.8.0_202\jre\lib\resources.jar
  - C:\Program Files\Java\jdk1.8.0_202\jre\lib\rt.jar
  - C:\Users\luis-\Desktop\Universidade\LEI\ATS_LUIS\trabalhos_POO\trabalhos_POO\TP1\out\production\TP1
* Finished analyzing classpath
* Generating tests for class Controller.Input
* Test criteria:
  - Line Coverage
  - Branch Coverage
  - Exception
  - Mutation testing (weak)
  - Method-Output Coverage
  - Top-Level Method Coverage
  - No-Exception Top-Level Method Coverage
  - Context Branch Coverage
* Setting up search algorithm for whole suite generation
[MASTER] 10:30:20.128 [pool-2-thread-1] WARN  TestSuiteSerialization - Cannot load tests because file does not exist: C:\Users\luis-\Desktop\Universidade\LEI\ATS_LUIS\trabalhos_POO\trabalhos_POO\TP1\.evosuite\evosuite-seeds\Controller.Input.seed
* Loaded 0 tests from C:\Users\luis-\Desktop\Universidade\LEI\ATS_LUIS\trabalhos_POO\trabalhos_POO\TP1\.evosuite\evosuite-seeds\Controller.Input.seed
* Total number of test goals: 
  - Line 56
  - Branch 20
  - Exception 0
  - MutationFactory 124
  - Output 16
  - Method 7
  - MethodNoException 7
  - CBranchFitnessFactory 20
* Using seed 1716543013817
* Starting evolution
[MASTER] 10:30:20.548 [pool-2-thread-1] WARN  TimeController - Phase INITIALIZATION lasted too long, 1 seconds more than allowed.
* Search finished after 32s and 64 generations, 20249 statements, best individual has fitness: 29.293650695489397
* Writing sequences to pool
* Minimizing test suite
* Going to analyze the coverage criteria
* Coverage analysis for criterion LINE
* Coverage of criterion LINE: 86%
* Total number of goals: 56
* Number of covered goals: 48
* Coverage analysis for criterion BRANCH
* Coverage of criterion BRANCH: 85%
* Total number of goals: 20
* Number of covered goals: 17
* Coverage analysis for criterion EXCEPTION
* Coverage of criterion EXCEPTION: 100%
* Total number of goals: 13
* Number of covered goals: 13
* Coverage analysis for criterion WEAKMUTATION
* Coverage of criterion WEAKMUTATION: 91%
* Total number of goals: 124
* Number of covered goals: 113
* Coverage analysis for criterion OUTPUT
* Coverage of criterion OUTPUT: 38%
* Total number of goals: 16
* Number of covered goals: 6
* Coverage analysis for criterion METHOD
* Coverage of criterion METHOD: 100%
* Total number of goals: 7
* Number of covered goals: 7
* Coverage analysis for criterion METHODNOEXCEPTION
* Coverage of criterion METHODNOEXCEPTION: 86%
* Total number of goals: 7
* Number of covered goals: 6
* Coverage analysis for criterion CBRANCH
* Coverage of criterion CBRANCH: 85%
* Total number of goals: 20
* Number of covered goals: 17
* Generated 23 tests with total length 80
* Resulting test suite's coverage: 84% (average coverage for all fitness functions)
* Generating assertions
* Resulting test suite's mutation score: 38%
* Compiling and checking tests
* Writing JUnit test case 'Input_ESTest' to C:\Users\luis-\Desktop\Universidade\LEI\ATS_LUIS\trabalhos_POO\trabalhos_POO\TP1\.evosuite\tmp_2024_05_24_10_26_07\tests
* Done!

